<?xml version="1.0" encoding="UTF-8"?>
<!-- Generated by org.testng.reporters.JUnitReportReporter -->
<testsuite hostname="LAPTOP-9U712G8R" failures="1" tests="4" name="CucumberOptions.TestNGTestRunner" time="61.376" errors="0" timestamp="2024-04-11T14:01:53 AEST" skipped="0">
  <testcase classname="CucumberOptions.TestNGTestRunner" name="runScenario" time="13.977"/>
  <testcase classname="CucumberOptions.TestNGTestRunner" name="runScenario" time="15.209"/>
  <testcase classname="CucumberOptions.TestNGTestRunner" name="runScenario" time="15.509"/>
  <testcase classname="CucumberOptions.TestNGTestRunner" name="runScenario" time="16.681">
    <failure message="expected [No data] but found [Beetroot]" type="java.lang.AssertionError">
      <![CDATA[java.lang.AssertionError: expected [No data] but found [Beetroot]
at org.testng.Assert.fail(Assert.java:111)
at org.testng.Assert.failNotEquals(Assert.java:1578)
at org.testng.Assert.assertEqualsImpl(Assert.java:150)
at org.testng.Assert.assertEquals(Assert.java:132)
at org.testng.Assert.assertEquals(Assert.java:656)
at org.testng.Assert.assertEquals(Assert.java:666)
at stepDefinations.OfferPageStepDefination.validateProduct(OfferPageStepDefination.java:53)
at âœ½.product name matches with the landing page and offer page(file:///C:/CucmberWorkspace/CucumberFramework/src/test/java/features/searchProduct.feature:9)
]]>
    </failure>
  </testcase> <!-- runScenario -->
</testsuite> <!-- CucumberOptions.TestNGTestRunner -->
